This is pdfTeX, Version 3.14159265-2.6-1.40.19 (TeX Live 2018) (preloaded format=pdflatex 2018.4.16)  21 APR 2019 21:38
entering extended mode
 restricted \write18 enabled.
 file:line:error style messages enabled.
 %&-line parsing enabled.
**LeetCode.tex
(./LeetCode.tex
LaTeX2e <2018-04-01> patch level 2
Babel <3.18> and hyphenation patterns for 84 language(s) loaded.
(/usr/local/texlive/2018/texmf-dist/tex/latex/base/report.cls
Document Class: report 2014/09/29 v1.4h Standard LaTeX document class
(/usr/local/texlive/2018/texmf-dist/tex/latex/base/size12.clo
File: size12.clo 2014/09/29 v1.4h Standard LaTeX file (size option)
)
\c@part=\count80
\c@chapter=\count81
\c@section=\count82
\c@subsection=\count83
\c@subsubsection=\count84
\c@paragraph=\count85
\c@subparagraph=\count86
\c@figure=\count87
\c@table=\count88
\abovecaptionskip=\skip41
\belowcaptionskip=\skip42
\bibindent=\dimen102
)
(/usr/local/texlive/2018/texmf-dist/tex/latex/geometry/geometry.sty
Package: geometry 2018/03/24 v5.7 Page Geometry

(/usr/local/texlive/2018/texmf-dist/tex/latex/graphics/keyval.sty
Package: keyval 2014/10/28 v1.15 key=value parser (DPC)
\KV@toks@=\toks14
)
(/usr/local/texlive/2018/texmf-dist/tex/generic/oberdiek/ifpdf.sty
Package: ifpdf 2017/03/15 v3.2 Provides the ifpdf switch
)
(/usr/local/texlive/2018/texmf-dist/tex/generic/oberdiek/ifvtex.sty
Package: ifvtex 2016/05/16 v1.6 Detect VTeX and its facilities (HO)
Package ifvtex Info: VTeX not detected.
)
(/usr/local/texlive/2018/texmf-dist/tex/generic/ifxetex/ifxetex.sty
Package: ifxetex 2010/09/12 v0.6 Provides ifxetex conditional
)
\Gm@cnth=\count89
\Gm@cntv=\count90
\c@Gm@tempcnt=\count91
\Gm@bindingoffset=\dimen103
\Gm@wd@mp=\dimen104
\Gm@odd@mp=\dimen105
\Gm@even@mp=\dimen106
\Gm@layoutwidth=\dimen107
\Gm@layoutheight=\dimen108
\Gm@layouthoffset=\dimen109
\Gm@layoutvoffset=\dimen110
\Gm@dimlist=\toks15
)
(/usr/local/texlive/2018/texmf-dist/tex/latex/hyperref/hyperref.sty
Package: hyperref 2018/02/06 v6.86b Hypertext links for LaTeX

(/usr/local/texlive/2018/texmf-dist/tex/generic/oberdiek/hobsub-hyperref.sty
Package: hobsub-hyperref 2016/05/16 v1.14 Bundle oberdiek, subset hyperref (HO)


(/usr/local/texlive/2018/texmf-dist/tex/generic/oberdiek/hobsub-generic.sty
Package: hobsub-generic 2016/05/16 v1.14 Bundle oberdiek, subset generic (HO)
Package: hobsub 2016/05/16 v1.14 Construct package bundles (HO)
Package: infwarerr 2016/05/16 v1.4 Providing info/warning/error messages (HO)
Package: ltxcmds 2016/05/16 v1.23 LaTeX kernel commands for general use (HO)
Package: ifluatex 2016/05/16 v1.4 Provides the ifluatex switch (HO)
Package ifluatex Info: LuaTeX not detected.
Package hobsub Info: Skipping package `ifvtex' (already loaded).
Package: intcalc 2016/05/16 v1.2 Expandable calculations with integers (HO)
Package hobsub Info: Skipping package `ifpdf' (already loaded).
Package: etexcmds 2016/05/16 v1.6 Avoid name clashes with e-TeX commands (HO)
Package etexcmds Info: Could not find \expanded.
(etexcmds)             That can mean that you are not using pdfTeX 1.50 or
(etexcmds)             that some package has redefined \expanded.
(etexcmds)             In the latter case, load this package earlier.
Package: kvsetkeys 2016/05/16 v1.17 Key value parser (HO)
Package: kvdefinekeys 2016/05/16 v1.4 Define keys (HO)
Package: pdftexcmds 2018/01/30 v0.27 Utility functions of pdfTeX for LuaTeX (HO
)
Package pdftexcmds Info: LuaTeX not detected.
Package pdftexcmds Info: \pdf@primitive is available.
Package pdftexcmds Info: \pdf@ifprimitive is available.
Package pdftexcmds Info: \pdfdraftmode found.
Package: pdfescape 2016/05/16 v1.14 Implements pdfTeX's escape features (HO)
Package: bigintcalc 2016/05/16 v1.4 Expandable calculations on big integers (HO
)
Package: bitset 2016/05/16 v1.2 Handle bit-vector datatype (HO)
Package: uniquecounter 2016/05/16 v1.3 Provide unlimited unique counter (HO)
)
Package hobsub Info: Skipping package `hobsub' (already loaded).
Package: letltxmacro 2016/05/16 v1.5 Let assignment for LaTeX macros (HO)
Package: hopatch 2016/05/16 v1.3 Wrapper for package hooks (HO)
Package: xcolor-patch 2016/05/16 xcolor patch
Package: atveryend 2016/05/16 v1.9 Hooks at the very end of document (HO)
Package atveryend Info: \enddocument detected (standard20110627).
Package: atbegshi 2016/06/09 v1.18 At begin shipout hook (HO)
Package: refcount 2016/05/16 v3.5 Data extraction from label references (HO)
Package: hycolor 2016/05/16 v1.8 Color options for hyperref/bookmark (HO)
)
(/usr/local/texlive/2018/texmf-dist/tex/latex/oberdiek/auxhook.sty
Package: auxhook 2016/05/16 v1.4 Hooks for auxiliary files (HO)
)
(/usr/local/texlive/2018/texmf-dist/tex/latex/oberdiek/kvoptions.sty
Package: kvoptions 2016/05/16 v3.12 Key value format for package options (HO)
)
\@linkdim=\dimen111
\Hy@linkcounter=\count92
\Hy@pagecounter=\count93

(/usr/local/texlive/2018/texmf-dist/tex/latex/hyperref/pd1enc.def
File: pd1enc.def 2018/02/06 v6.86b Hyperref: PDFDocEncoding definition (HO)
Now handling font encoding PD1 ...
... no UTF-8 mapping file for font encoding PD1
)
\Hy@SavedSpaceFactor=\count94

(/usr/local/texlive/2018/texmf-dist/tex/latex/latexconfig/hyperref.cfg
File: hyperref.cfg 2002/06/06 v1.2 hyperref configuration of TeXLive
)
Package hyperref Info: Option `colorlinks' set `false' on input line 4383.
Package hyperref Info: Hyper figures OFF on input line 4509.
Package hyperref Info: Link nesting OFF on input line 4514.
Package hyperref Info: Hyper index ON on input line 4517.
Package hyperref Info: Plain pages OFF on input line 4524.
Package hyperref Info: Backreferencing OFF on input line 4529.
Package hyperref Info: Implicit mode ON; LaTeX internals redefined.
Package hyperref Info: Bookmarks ON on input line 4762.
\c@Hy@tempcnt=\count95

(/usr/local/texlive/2018/texmf-dist/tex/latex/url/url.sty
\Urlmuskip=\muskip10
Package: url 2013/09/16  ver 3.4  Verb mode for urls, etc.
)
LaTeX Info: Redefining \url on input line 5115.
\XeTeXLinkMargin=\dimen112
\Fld@menulength=\count96
\Field@Width=\dimen113
\Fld@charsize=\dimen114
Package hyperref Info: Hyper figures OFF on input line 6369.
Package hyperref Info: Link nesting OFF on input line 6374.
Package hyperref Info: Hyper index ON on input line 6377.
Package hyperref Info: backreferencing OFF on input line 6384.
Package hyperref Info: Link coloring OFF on input line 6389.
Package hyperref Info: Link coloring with OCG OFF on input line 6394.
Package hyperref Info: PDF/A mode OFF on input line 6399.
LaTeX Info: Redefining \ref on input line 6439.
LaTeX Info: Redefining \pageref on input line 6443.
\Hy@abspage=\count97
\c@Item=\count98
\c@Hfootnote=\count99
)
Package hyperref Info: Driver (autodetected): hpdftex.

(/usr/local/texlive/2018/texmf-dist/tex/latex/hyperref/hpdftex.def
File: hpdftex.def 2018/02/06 v6.86b Hyperref driver for pdfTeX
\Fld@listcount=\count100
\c@bookmark@seq@number=\count101

(/usr/local/texlive/2018/texmf-dist/tex/latex/oberdiek/rerunfilecheck.sty
Package: rerunfilecheck 2016/05/16 v1.8 Rerun checks for auxiliary files (HO)
Package uniquecounter Info: New unique counter `rerunfilecheck' on input line 2
82.
)
\Hy@SectionHShift=\skip43
)
(/usr/local/texlive/2018/texmf-dist/tex/latex/listings/listings.sty
\lst@mode=\count102
\lst@gtempboxa=\box26
\lst@token=\toks16
\lst@length=\count103
\lst@currlwidth=\dimen115
\lst@column=\count104
\lst@pos=\count105
\lst@lostspace=\dimen116
\lst@width=\dimen117
\lst@newlines=\count106
\lst@lineno=\count107
\lst@maxwidth=\dimen118

(/usr/local/texlive/2018/texmf-dist/tex/latex/listings/lstmisc.sty
File: lstmisc.sty 2015/06/04 1.6 (Carsten Heinz)
\c@lstnumber=\count108
\lst@skipnumbers=\count109
\lst@framebox=\box27
)
(/usr/local/texlive/2018/texmf-dist/tex/latex/listings/listings.cfg
File: listings.cfg 2015/06/04 1.6 listings configuration
))
Package: listings 2015/06/04 1.6 (Carsten Heinz)

(/usr/local/texlive/2018/texmf-dist/tex/latex/graphics/color.sty
Package: color 2016/07/10 v1.1e Standard LaTeX Color (DPC)

(/usr/local/texlive/2018/texmf-dist/tex/latex/graphics-cfg/color.cfg
File: color.cfg 2016/01/02 v1.6 sample color configuration
)
Package color Info: Driver file: pdftex.def on input line 147.

(/usr/local/texlive/2018/texmf-dist/tex/latex/graphics-def/pdftex.def
File: pdftex.def 2018/01/08 v1.0l Graphics/color driver for pdftex
))
(/usr/local/texlive/2018/texmf-dist/tex/latex/listings/lstlang1.sty
File: lstlang1.sty 2015/06/04 1.6 listings language file
)
(/usr/local/texlive/2018/texmf-dist/tex/latex/listings/lstlang1.sty
File: lstlang1.sty 2015/06/04 1.6 listings language file
)
(/usr/local/texlive/2018/texmf-dist/tex/latex/listings/lstmisc.sty
File: lstmisc.sty 2015/06/04 1.6 (Carsten Heinz)
)
(./LeetCode.aux (./chapters/Math.aux) (./chapters/BitManipulation.aux)
(./chapters/LinkedList.aux) (./chapters/StackQueue.aux) (./chapters/Array.aux)
(./chapters/String.aux) (./chapters/Tree.aux) (./chapters/Sorting.aux)
(./chapters/BinarySearch.aux) (./chapters/DFSandBFS.aux) (./chapters/DP.aux)
(./chapters/Graph.aux) (./chapters/Detail.aux))
\openout1 = `LeetCode.aux'.

LaTeX Font Info:    Checking defaults for OML/cmm/m/it on input line 30.
LaTeX Font Info:    ... okay on input line 30.
LaTeX Font Info:    Checking defaults for T1/cmr/m/n on input line 30.
LaTeX Font Info:    ... okay on input line 30.
LaTeX Font Info:    Checking defaults for OT1/cmr/m/n on input line 30.
LaTeX Font Info:    ... okay on input line 30.
LaTeX Font Info:    Checking defaults for OMS/cmsy/m/n on input line 30.
LaTeX Font Info:    ... okay on input line 30.
LaTeX Font Info:    Checking defaults for OMX/cmex/m/n on input line 30.
LaTeX Font Info:    ... okay on input line 30.
LaTeX Font Info:    Checking defaults for U/cmr/m/n on input line 30.
LaTeX Font Info:    ... okay on input line 30.
LaTeX Font Info:    Checking defaults for PD1/pdf/m/n on input line 30.
LaTeX Font Info:    ... okay on input line 30.

*geometry* driver: auto-detecting
*geometry* detected driver: pdftex
*geometry* verbose mode - [ preamble ] result:
* driver: pdftex
* paper: <default>
* layout: <same size as paper>
* layoutoffset:(h,v)=(0.0pt,0.0pt)
* modes: 
* h-part:(L,W,R)=(72.26999pt, 469.75502pt, 72.26999pt)
* v-part:(T,H,B)=(72.26999pt, 650.43001pt, 72.26999pt)
* \paperwidth=614.295pt
* \paperheight=794.96999pt
* \textwidth=469.75502pt
* \textheight=650.43001pt
* \oddsidemargin=0.0pt
* \evensidemargin=0.0pt
* \topmargin=-37.0pt
* \headheight=12.0pt
* \headsep=25.0pt
* \topskip=12.0pt
* \footskip=30.0pt
* \marginparwidth=44.0pt
* \marginparsep=10.0pt
* \columnsep=10.0pt
* \skip\footins=10.8pt plus 4.0pt minus 2.0pt
* \hoffset=0.0pt
* \voffset=0.0pt
* \mag=1000
* \@twocolumnfalse
* \@twosidefalse
* \@mparswitchfalse
* \@reversemarginfalse
* (1in=72.27pt=25.4mm, 1cm=28.453pt)

\AtBeginShipoutBox=\box28
Package hyperref Info: Link coloring OFF on input line 30.
(/usr/local/texlive/2018/texmf-dist/tex/latex/hyperref/nameref.sty
Package: nameref 2016/05/21 v2.44 Cross-referencing by name of section

(/usr/local/texlive/2018/texmf-dist/tex/generic/oberdiek/gettitlestring.sty
Package: gettitlestring 2016/05/16 v1.5 Cleanup title references (HO)
)
\c@section@level=\count110
)
LaTeX Info: Redefining \ref on input line 30.
LaTeX Info: Redefining \pageref on input line 30.
LaTeX Info: Redefining \nameref on input line 30.

(./LeetCode.out) (./LeetCode.out)
\@outlinefile=\write3
\openout3 = `LeetCode.out'.

\c@lstlisting=\count111

(/usr/local/texlive/2018/texmf-dist/tex/context/base/mkii/supp-pdf.mkii
[Loading MPS to PDF converter (version 2006.09.02).]
\scratchcounter=\count112
\scratchdimen=\dimen119
\scratchbox=\box29
\nofMPsegments=\count113
\nofMParguments=\count114
\everyMPshowfont=\toks17
\MPscratchCnt=\count115
\MPscratchDim=\dimen120
\MPnumerator=\count116
\makeMPintoPDFobject=\count117
\everyMPtoPDFconversion=\toks18
)
LaTeX Font Info:    External font `cmex10' loaded for size
(Font)              <14.4> on input line 36.
LaTeX Font Info:    External font `cmex10' loaded for size
(Font)              <7> on input line 36.
 [1

{/usr/local/texlive/2018/texmf-var/fonts/map/pdftex/updmap/pdftex.map}]
(./LeetCode.toc
LaTeX Font Info:    External font `cmex10' loaded for size
(Font)              <12> on input line 2.
LaTeX Font Info:    External font `cmex10' loaded for size
(Font)              <8> on input line 2.
LaTeX Font Info:    External font `cmex10' loaded for size
(Font)              <6> on input line 2.
 [1

] [2] [3] [4] [5] [6] [7] [8])
\tf@toc=\write4
\openout4 = `LeetCode.toc'.

 [9]
\openout2 = `chapters/Math.aux'.

 (./chapters/Math.tex
Chapter 1.

Underfull \hbox (badness 10000) in paragraph at lines 5--6

 []


Underfull \hbox (badness 10000) in paragraph at lines 7--8

 []


Underfull \hbox (badness 10000) in paragraph at lines 9--10

 []


Underfull \hbox (badness 10000) in paragraph at lines 25--26

 []


Underfull \hbox (badness 10000) in paragraph at lines 27--34

 []

pdfTeX warning (ext4): destination with the same identifier (name{page.1}) has 
been already used, duplicate ignored
<to be read again> 
                   \relax 
l.34 
      [1




]
Underfull \hbox (badness 10000) in paragraph at lines 49--50

 []


Underfull \hbox (badness 10000) in paragraph at lines 51--52

 []


Underfull \hbox (badness 10000) in paragraph at lines 53--54

 []


Underfull \hbox (badness 10000) in paragraph at lines 55--56

 []

[2]
Underfull \hbox (badness 10000) in paragraph at lines 96--97

 []


Underfull \hbox (badness 10000) in paragraph at lines 98--102

 []


Underfull \hbox (badness 10000) in paragraph at lines 103--106

 []


Underfull \hbox (badness 10000) in paragraph at lines 107--110

 []

[3]
Underfull \hbox (badness 10000) in paragraph at lines 126--127

 []


Underfull \hbox (badness 10000) in paragraph at lines 145--146

 []


Underfull \hbox (badness 10000) in paragraph at lines 147--150

 []


Underfull \hbox (badness 10000) in paragraph at lines 151--152

 []

[4]
Underfull \hbox (badness 10000) in paragraph at lines 171--172

 []


Underfull \hbox (badness 10000) in paragraph at lines 195--196

 []


Underfull \hbox (badness 10000) in paragraph at lines 197--199

 []

[5]
Underfull \hbox (badness 10000) in paragraph at lines 231--232

 []


Underfull \hbox (badness 10000) in paragraph at lines 233--234

 []


Underfull \hbox (badness 10000) in paragraph at lines 235--236

 []


Underfull \hbox (badness 10000) in paragraph at lines 237--240

 []

[6]
Underfull \hbox (badness 10000) in paragraph at lines 268--272

 []


Underfull \hbox (badness 10000) in paragraph at lines 273--280

 []


Underfull \hbox (badness 10000) in paragraph at lines 281--290

 []

[7]
Underfull \hbox (badness 10000) in paragraph at lines 327--328

 []


Underfull \hbox (badness 10000) in paragraph at lines 329--331

 []


Underfull \hbox (badness 10000) in paragraph at lines 332--338

 []

[8] [9]
Underfull \hbox (badness 10000) in paragraph at lines 394--395

 []


Underfull \hbox (badness 10000) in paragraph at lines 396--397

 []


Underfull \hbox (badness 10000) in paragraph at lines 398--399

 []


Underfull \hbox (badness 10000) in paragraph at lines 424--425

 []


Underfull \hbox (badness 10000) in paragraph at lines 426--430

 []

[10]
Underfull \hbox (badness 10000) in paragraph at lines 431--435

 []

[11]
Underfull \hbox (badness 10000) in paragraph at lines 473--480

 []

[12]
Underfull \hbox (badness 10000) in paragraph at lines 522--524

 []


Underfull \hbox (badness 10000) in paragraph at lines 525--526

 []


Underfull \hbox (badness 10000) in paragraph at lines 527--529

 []


Underfull \hbox (badness 10000) in paragraph at lines 530--537

 []

[13]
Underfull \hbox (badness 10000) in paragraph at lines 565--566

 []


Underfull \hbox (badness 10000) in paragraph at lines 595--596

 []


Underfull \hbox (badness 10000) in paragraph at lines 597--599

 []


Underfull \hbox (badness 10000) in paragraph at lines 600--602

 []

[14]
Underfull \hbox (badness 10000) in paragraph at lines 623--624

 []


Underfull \hbox (badness 10000) in paragraph at lines 625--626

 []


Underfull \hbox (badness 10000) in paragraph at lines 627--628

 []


Underfull \hbox (badness 10000) in paragraph at lines 629--633

 []

[15]
Underfull \hbox (badness 10000) in paragraph at lines 653--654

 []


Underfull \hbox (badness 10000) in paragraph at lines 655--656

 []


Underfull \hbox (badness 10000) in paragraph at lines 657--658

 []


Underfull \hbox (badness 10000) in paragraph at lines 674--675

 []


Underfull \hbox (badness 10000) in paragraph at lines 676--677

 []


Underfull \hbox (badness 10000) in paragraph at lines 678--679

 []

[16]
Underfull \hbox (badness 10000) in paragraph at lines 701--702

 []


Underfull \hbox (badness 10000) in paragraph at lines 703--704

 []


Underfull \hbox (badness 10000) in paragraph at lines 705--709

 []


Underfull \hbox (badness 10000) in paragraph at lines 736--738

 []

[17]
Underfull \hbox (badness 10000) in paragraph at lines 764--765

 []

[18]
Underfull \hbox (badness 10000) in paragraph at lines 786--787

 []


Underfull \hbox (badness 10000) in paragraph at lines 788--792

 []


Underfull \hbox (badness 10000) in paragraph at lines 793--797

 []


Underfull \hbox (badness 10000) in paragraph at lines 819--820

 []

[19]
Underfull \hbox (badness 10000) in paragraph at lines 841--842

 []


Underfull \hbox (badness 10000) in paragraph at lines 843--846

 []


Underfull \hbox (badness 10000) in paragraph at lines 847--850

 []


Underfull \hbox (badness 10000) in paragraph at lines 870--871

 []

[20]
Underfull \hbox (badness 10000) in paragraph at lines 895--896

 []


Underfull \hbox (badness 10000) in paragraph at lines 897--898

 []


Underfull \hbox (badness 10000) in paragraph at lines 916--917

 []


Underfull \hbox (badness 10000) in paragraph at lines 918--919

 []

[21]
Underfull \hbox (badness 10000) in paragraph at lines 948--949

 []


Underfull \hbox (badness 10000) in paragraph at lines 950--953

 []

[22]
Underfull \hbox (badness 10000) in paragraph at lines 978--979

 []


Underfull \hbox (badness 10000) in paragraph at lines 980--982

 []


Underfull \hbox (badness 10000) in paragraph at lines 983--985

 []


Underfull \hbox (badness 10000) in paragraph at lines 986--988

 []


Underfull \hbox (badness 10000) in paragraph at lines 989--993

 []

[23]
Underfull \hbox (badness 10000) in paragraph at lines 1023--1024

 []

[24]
Underfull \hbox (badness 10000) in paragraph at lines 1064--1065

 []

[25]) [26]
\openout2 = `chapters/BitManipulation.aux'.

 (./chapters/BitManipulation.tex
Chapter 2.

Underfull \hbox (badness 10000) in paragraph at lines 5--6

 []


Underfull \hbox (badness 10000) in paragraph at lines 7--9

 []


Underfull \hbox (badness 10000) in paragraph at lines 27--28

 []

[27



]
Underfull \hbox (badness 10000) in paragraph at lines 53--54

 []


Underfull \hbox (badness 10000) in paragraph at lines 55--56

 []


Underfull \hbox (badness 10000) in paragraph at lines 74--75

 []


Underfull \hbox (badness 10000) in paragraph at lines 76--77

 []

[28]
Underfull \hbox (badness 10000) in paragraph at lines 78--83

 []


Underfull \hbox (badness 10000) in paragraph at lines 100--101

 []


Underfull \hbox (badness 10000) in paragraph at lines 102--103

 []


Underfull \hbox (badness 10000) in paragraph at lines 104--107

 []

[29]
Underfull \hbox (badness 10000) in paragraph at lines 139--140

 []


Underfull \hbox (badness 10000) in paragraph at lines 152--153

 []


Underfull \hbox (badness 10000) in paragraph at lines 167--168

 []

[30]
Underfull \hbox (badness 10000) in paragraph at lines 180--181

 []


Overfull \hbox (35.38974pt too wide) in paragraph at lines 182--183
[]\OT1/cmr/m/n/12 For ex-am-ple, the 32-bit in-te-ger "11" has bi-nary rep-re-s
en-ta-tion 00000000000000000000000000001011,
 []


Underfull \hbox (badness 10000) in paragraph at lines 182--183

 []


Underfull \hbox (badness 10000) in paragraph at lines 200--201

 []


Underfull \hbox (badness 10000) in paragraph at lines 202--204

 []

[31]
Underfull \hbox (badness 10000) in paragraph at lines 225--226

 []


Overfull \hbox (29.84119pt too wide) in paragraph at lines 227--228
[]\OT1/cmr/m/n/12 For ex-am-ple, given in-put 43261596 (rep-re-sented in bi-nar
y as 00000010100101000001111010011100),
 []


Underfull \hbox (badness 10000) in paragraph at lines 227--228

 []


Underfull \hbox (badness 10000) in paragraph at lines 229--231

 []


Underfull \hbox (badness 10000) in paragraph at lines 250--251

 []

[32]
Underfull \hbox (badness 10000) in paragraph at lines 252--253

 []


Underfull \hbox (badness 10000) in paragraph at lines 268--269

 []


Underfull \hbox (badness 10000) in paragraph at lines 270--271

 []


Underfull \hbox (badness 10000) in paragraph at lines 293--294

 []

[33]
Underfull \hbox (badness 10000) in paragraph at lines 295--296

 []


Underfull \hbox (badness 10000) in paragraph at lines 297--300

 []


Underfull \hbox (badness 10000) in paragraph at lines 324--327

 []


Underfull \hbox (badness 10000) in paragraph at lines 328--336

 []

[34]
Underfull \hbox (badness 10000) in paragraph at lines 337--338

 []


Underfull \hbox (badness 10000) in paragraph at lines 339--341

 []


Underfull \hbox (badness 10000) in paragraph at lines 342--346

 []


Underfull \hbox (badness 10000) in paragraph at lines 347--353

 []

[35]
Underfull \hbox (badness 10000) in paragraph at lines 401--402

 []

[36]) [37]
\openout2 = `chapters/LinkedList.aux'.

 (./chapters/LinkedList.tex
Chapter 3.

Underfull \hbox (badness 10000) in paragraph at lines 3--4

 []


Underfull \hbox (badness 10000) in paragraph at lines 5--10

 []

[38



]
Underfull \hbox (badness 10000) in paragraph at lines 46--47

 []


Underfull \hbox (badness 10000) in paragraph at lines 48--50

 []

(/usr/local/texlive/2018/texmf-dist/tex/latex/listings/lstlang1.sty
File: lstlang1.sty 2015/06/04 1.6 listings language file
) [39]
Underfull \hbox (badness 10000) in paragraph at lines 113--114

 []


Underfull \hbox (badness 10000) in paragraph at lines 115--116

 []


Underfull \hbox (badness 10000) in paragraph at lines 117--119

 []


Underfull \hbox (badness 10000) in paragraph at lines 120--122

 []

[40]
Underfull \hbox (badness 10000) in paragraph at lines 165--166

 []


Underfull \hbox (badness 10000) in paragraph at lines 167--170

 []

[41]
Underfull \hbox (badness 10000) in paragraph at lines 216--217

 []

[42]
Underfull \hbox (badness 10000) in paragraph at lines 262--263

 []


Underfull \hbox (badness 10000) in paragraph at lines 264--265

 []


Underfull \hbox (badness 10000) in paragraph at lines 266--267

 []

[43]
Underfull \hbox (badness 10000) in paragraph at lines 307--308

 []

[44]
Underfull \hbox (badness 10000) in paragraph at lines 346--347

 []


Underfull \hbox (badness 10000) in paragraph at lines 348--351

 []


Underfull \hbox (badness 10000) in paragraph at lines 352--355

 []

[45]
Underfull \hbox (badness 10000) in paragraph at lines 380--381

 []


Underfull \hbox (badness 10000) in paragraph at lines 382--384

 []


Underfull \hbox (badness 10000) in paragraph at lines 409--410

 []

[46]
Underfull \hbox (badness 10000) in paragraph at lines 411--413

 []

[47]
Underfull \hbox (badness 10000) in paragraph at lines 457--458

 []


Underfull \hbox (badness 10000) in paragraph at lines 459--462

 []


Underfull \hbox (badness 10000) in paragraph at lines 490--491

 []


Underfull \hbox (badness 10000) in paragraph at lines 492--493

 []


Underfull \hbox (badness 10000) in paragraph at lines 494--496

 []


Underfull \hbox (badness 10000) in paragraph at lines 497--500

 []

[48]
Underfull \hbox (badness 10000) in paragraph at lines 539--540

 []


Underfull \hbox (badness 10000) in paragraph at lines 541--543

 []


Underfull \hbox (badness 10000) in paragraph at lines 544--545

 []

[49]
Underfull \hbox (badness 10000) in paragraph at lines 546--551

 []


Underfull \hbox (badness 10000) in paragraph at lines 552--554

 []

[50]
Underfull \hbox (badness 10000) in paragraph at lines 620--621

 []


Underfull \hbox (badness 10000) in paragraph at lines 622--623

 []

[51]
Underfull \hbox (badness 10000) in paragraph at lines 637--638

 []


Underfull \hbox (badness 10000) in paragraph at lines 639--642

 []


Underfull \hbox (badness 10000) in paragraph at lines 670--671

 []


Underfull \hbox (badness 10000) in paragraph at lines 672--675

 []

[52]
Underfull \hbox (badness 10000) in paragraph at lines 702--706

 []


Underfull \hbox (badness 10000) in paragraph at lines 702--706

 []

[53]
Underfull \hbox (badness 10000) in paragraph at lines 732--733

 []


Underfull \hbox (badness 10000) in paragraph at lines 734--737

 []


Underfull \hbox (badness 10000) in paragraph at lines 770--771

 []

[54]
Underfull \hbox (badness 10000) in paragraph at lines 794--795

 []

[55]
Underfull \hbox (badness 10000) in paragraph at lines 833--834

 []


Underfull \hbox (badness 10000) in paragraph at lines 855--856

 []

[56]
Underfull \hbox (badness 10000) in paragraph at lines 890--891

 []


Underfull \hbox (badness 10000) in paragraph at lines 892--894

 []


Underfull \hbox (badness 10000) in paragraph at lines 895--897

 []

[57] [58]
Underfull \hbox (badness 10000) in paragraph at lines 955--956

 []


Underfull \hbox (badness 10000) in paragraph at lines 957--959

 []


Underfull \hbox (badness 10000) in paragraph at lines 960--962

 []


Underfull \hbox (badness 10000) in paragraph at lines 986--987

 []

[59]
Underfull \hbox (badness 10000) in paragraph at lines 988--989

 []


Underfull \hbox (badness 10000) in paragraph at lines 990--992

 []


Underfull \hbox (badness 10000) in paragraph at lines 993--995

 []


Underfull \hbox (badness 10000) in paragraph at lines 1023--1024

 []

[60]
Underfull \hbox (badness 10000) in paragraph at lines 1025--1029

 []


Underfull \hbox (badness 10000) in paragraph at lines 1030--1033

 []


Underfull \hbox (badness 10000) in paragraph at lines 1034--1042

 []

[61] [62]) [63]
\openout2 = `chapters/StackQueue.aux'.

 (./chapters/StackQueue.tex
Chapter 4.

Underfull \hbox (badness 10000) in paragraph at lines 5--6

 []


Underfull \hbox (badness 10000) in paragraph at lines 7--11

 []

[64



]
Underfull \hbox (badness 10000) in paragraph at lines 44--45

 []


Underfull \hbox (badness 10000) in paragraph at lines 46--50

 []

[65]
Underfull \hbox (badness 10000) in paragraph at lines 91--92

 []


Underfull \hbox (badness 10000) in paragraph at lines 93--97

 []


Underfull \hbox (badness 10000) in paragraph at lines 98--107

 []

[66]
Underfull \hbox (badness 10000) in paragraph at lines 138--139

 []


Underfull \hbox (badness 10000) in paragraph at lines 140--146

 []


Underfull \hbox (badness 10000) in paragraph at lines 174--175

 []

[67]
Underfull \hbox (badness 10000) in paragraph at lines 176--179

 []

) [68]
\openout2 = `chapters/Array.aux'.

 (./chapters/Array.tex
Chapter 5.

Underfull \hbox (badness 10000) in paragraph at lines 3--4

 []


Underfull \hbox (badness 10000) in paragraph at lines 5--9

 []


Underfull \hbox (badness 10000) in paragraph at lines 10--14

 []

[69



]
Underfull \hbox (badness 10000) in paragraph at lines 45--46

 []


Underfull \hbox (badness 10000) in paragraph at lines 47--48

 []


Underfull \hbox (badness 10000) in paragraph at lines 75--76

 []

[70]
Underfull \hbox (badness 10000) in paragraph at lines 77--78

 []


Underfull \hbox (badness 10000) in paragraph at lines 79--82

 []


Underfull \hbox (badness 10000) in paragraph at lines 100--101

 []


Underfull \hbox (badness 10000) in paragraph at lines 102--104

 []

[71]
Underfull \hbox (badness 10000) in paragraph at lines 121--122

 []


Underfull \hbox (badness 10000) in paragraph at lines 123--125

 []


Underfull \hbox (badness 10000) in paragraph at lines 144--145

 []


Underfull \hbox (badness 10000) in paragraph at lines 146--148

 []


Underfull \hbox (badness 10000) in paragraph at lines 149--151

 []

[72]
Underfull \hbox (badness 10000) in paragraph at lines 164--165

 []


Overfull \hbox (12.1858pt too wide) in paragraph at lines 166--171
\OT1/cmr/m/n/12 The first 3 pairs are re-turned from the se-quence: [1,2],[1,4]
,[1,6],[7,2],[7,4],[11,2],[7,6],[11,4],[11,6] 
 []


Underfull \hbox (badness 10000) in paragraph at lines 166--171

 []


Underfull \hbox (badness 10000) in paragraph at lines 172--177

 []


Underfull \hbox (badness 10000) in paragraph at lines 178--183

 []

[73]
Underfull \hbox (badness 10000) in paragraph at lines 226--227

 []


Underfull \hbox (badness 10000) in paragraph at lines 228--232

 []


Underfull \hbox (badness 10000) in paragraph at lines 233--235

 []


Underfull \hbox (badness 10000) in paragraph at lines 236--238

 []


Underfull \hbox (badness 10000) in paragraph at lines 239--241

 []

[74]
Underfull \hbox (badness 10000) in paragraph at lines 277--278

 []


Underfull \hbox (badness 10000) in paragraph at lines 279--281

 []


Underfull \hbox (badness 10000) in paragraph at lines 282--284

 []

[75]
Underfull \hbox (badness 10000) in paragraph at lines 300--301

 []


Underfull \hbox (badness 10000) in paragraph at lines 302--305

 []


Underfull \hbox (badness 10000) in paragraph at lines 306--307

 []


Underfull \hbox (badness 10000) in paragraph at lines 332--333

 []


Underfull \hbox (badness 10000) in paragraph at lines 334--335

 []

[76]
Underfull \hbox (badness 10000) in paragraph at lines 360--361

 []


Underfull \hbox (badness 10000) in paragraph at lines 362--363

 []

[77]
Underfull \hbox (badness 10000) in paragraph at lines 390--391

 []


Underfull \hbox (badness 10000) in paragraph at lines 392--394

 []


Underfull \hbox (badness 10000) in paragraph at lines 395--398

 []


Underfull \hbox (badness 10000) in paragraph at lines 418--419

 []


Underfull \hbox (badness 10000) in paragraph at lines 420--422

 []


Underfull \hbox (badness 10000) in paragraph at lines 423--426

 []


Underfull \hbox (badness 10000) in paragraph at lines 427--431

 []

[78] [79]
Underfull \hbox (badness 10000) in paragraph at lines 482--483

 []


Underfull \hbox (badness 10000) in paragraph at lines 484--485

 []


Underfull \hbox (badness 10000) in paragraph at lines 513--514

 []

[80]
Underfull \hbox (badness 10000) in paragraph at lines 515--516

 []


Underfull \hbox (badness 10000) in paragraph at lines 517--522

 []


Underfull \hbox (badness 10000) in paragraph at lines 560--561

 []

[81]
Underfull \hbox (badness 10000) in paragraph at lines 562--563

 []


Underfull \hbox (badness 10000) in paragraph at lines 564--565

 []


Underfull \hbox (badness 10000) in paragraph at lines 566--567

 []


Underfull \hbox (badness 10000) in paragraph at lines 568--572

 []

[82]
Underfull \hbox (badness 10000) in paragraph at lines 611--612

 []


Underfull \hbox (badness 10000) in paragraph at lines 613--614

 []


Underfull \hbox (badness 10000) in paragraph at lines 636--637

 []


Underfull \hbox (badness 10000) in paragraph at lines 638--639

 []

[83]
Underfull \hbox (badness 10000) in paragraph at lines 665--666

 []

[84]
Underfull \hbox (badness 10000) in paragraph at lines 715--716

 []


Underfull \hbox (badness 10000) in paragraph at lines 734--735

 []

[85]
Underfull \hbox (badness 10000) in paragraph at lines 762--763

 []

[86]
Underfull \hbox (badness 10000) in paragraph at lines 790--791

 []


Underfull \hbox (badness 10000) in paragraph at lines 792--797

 []

[87]
Underfull \hbox (badness 10000) in paragraph at lines 825--826

 []


Underfull \hbox (badness 10000) in paragraph at lines 827--829

 []


Underfull \hbox (badness 10000) in paragraph at lines 830--833

 []


Underfull \hbox (badness 10000) in paragraph at lines 859--860

 []


Underfull \hbox (badness 10000) in paragraph at lines 861--864

 []

[88] [89]
Underfull \hbox (badness 10000) in paragraph at lines 934--935

 []


Underfull \hbox (badness 10000) in paragraph at lines 936--937

 []


Underfull \hbox (badness 10000) in paragraph at lines 938--939

 []


Underfull \hbox (badness 10000) in paragraph at lines 940--942

 []

[90]
Underfull \hbox (badness 10000) in paragraph at lines 994--995

 []


Underfull \hbox (badness 10000) in paragraph at lines 996--998

 []


Underfull \hbox (badness 10000) in paragraph at lines 999--1003

 []

[91] [92]
Underfull \hbox (badness 10000) in paragraph at lines 1089--1090

 []


Underfull \hbox (badness 10000) in paragraph at lines 1091--1093

 []

[93]
Underfull \hbox (badness 10000) in paragraph at lines 1132--1133

 []


Underfull \hbox (badness 10000) in paragraph at lines 1134--1140

 []

[94] [95]
Underfull \hbox (badness 10000) in paragraph at lines 1213--1214

 []


Underfull \hbox (badness 10000) in paragraph at lines 1215--1216

 []

[96]
Underfull \hbox (badness 10000) in paragraph at lines 1276--1277

 []


Underfull \hbox (badness 10000) in paragraph at lines 1278--1279

 []


Underfull \hbox (badness 10000) in paragraph at lines 1280--1283

 []

[97]
Underfull \hbox (badness 10000) in paragraph at lines 1312--1313

 []


Underfull \hbox (badness 10000) in paragraph at lines 1314--1321

 []

[98]
Underfull \hbox (badness 10000) in paragraph at lines 1360--1361

 []


Underfull \hbox (badness 10000) in paragraph at lines 1362--1370

 []


Underfull \hbox (badness 10000) in paragraph at lines 1371--1373

 []


Underfull \hbox (badness 10000) in paragraph at lines 1374--1375

 []


Underfull \hbox (badness 10000) in paragraph at lines 1376--1378

 []


Underfull \hbox (badness 10000) in paragraph at lines 1379--1381

 []


Underfull \hbox (badness 10000) in paragraph at lines 1382--1384

 []


Underfull \hbox (badness 10000) in paragraph at lines 1385--1387

 []


Underfull \hbox (badness 10000) in paragraph at lines 1388--1393

 []

[99]
Underfull \hbox (badness 10000) in paragraph at lines 1421--1422

 []


Underfull \hbox (badness 10000) in paragraph at lines 1423--1424

 []


Underfull \hbox (badness 10000) in paragraph at lines 1442--1443

 []

[100]
Underfull \hbox (badness 10000) in paragraph at lines 1444--1445

 []


Underfull \hbox (badness 10000) in paragraph at lines 1464--1465

 []


Underfull \hbox (badness 10000) in paragraph at lines 1466--1467

 []


Underfull \hbox (badness 10000) in paragraph at lines 1468--1469

 []

[101]
Underfull \hbox (badness 10000) in paragraph at lines 1495--1496

 []


Underfull \hbox (badness 10000) in paragraph at lines 1497--1499

 []


Underfull \hbox (badness 10000) in paragraph at lines 1500--1502

 []


Underfull \hbox (badness 10000) in paragraph at lines 1503--1505

 []


Underfull \hbox (badness 10000) in paragraph at lines 1527--1528

 []

[102]
Underfull \hbox (badness 10000) in paragraph at lines 1529--1530

 []


Underfull \hbox (badness 10000) in paragraph at lines 1554--1555

 []


Underfull \hbox (badness 10000) in paragraph at lines 1556--1557

 []

[103]
Underfull \hbox (badness 10000) in paragraph at lines 1590--1591

 []


Underfull \hbox (badness 10000) in paragraph at lines 1592--1593

 []

[104]
Underfull \hbox (badness 10000) in paragraph at lines 1636--1637

 []


Underfull \hbox (badness 10000) in paragraph at lines 1638--1640

 []


Underfull \hbox (badness 10000) in paragraph at lines 1641--1643

 []


Underfull \hbox (badness 10000) in paragraph at lines 1644--1646

 []


Underfull \hbox (badness 10000) in paragraph at lines 1647--1649

 []


Underfull \hbox (badness 10000) in paragraph at lines 1650--1652

 []


Underfull \hbox (badness 10000) in paragraph at lines 1653--1655

 []

[105]
Underfull \hbox (badness 10000) in paragraph at lines 1656--1658

 []


Underfull \hbox (badness 10000) in paragraph at lines 1683--1684

 []


Underfull \hbox (badness 10000) in paragraph at lines 1685--1687

 []


Underfull \hbox (badness 10000) in paragraph at lines 1688--1690

 []


Underfull \hbox (badness 10000) in paragraph at lines 1691--1693

 []

[106]
Underfull \hbox (badness 10000) in paragraph at lines 1694--1696

 []


Underfull \hbox (badness 10000) in paragraph at lines 1697--1699

 []


Underfull \hbox (badness 10000) in paragraph at lines 1700--1702

 []


Underfull \hbox (badness 10000) in paragraph at lines 1703--1705

 []


Underfull \hbox (badness 10000) in paragraph at lines 1706--1708

 []


Underfull \hbox (badness 10000) in paragraph at lines 1709--1710

 []

[107]
Underfull \hbox (badness 10000) in paragraph at lines 1778--1779

 []


Underfull \hbox (badness 10000) in paragraph at lines 1780--1788

 []


Underfull \hbox (badness 10000) in paragraph at lines 1789--1797

 []

[108]
Underfull \hbox (badness 10000) in paragraph at lines 1798--1799

 []

[109]
Underfull \hbox (badness 10000) in paragraph at lines 1867--1868

 []


Underfull \hbox (badness 10000) in paragraph at lines 1869--1873

 []


Underfull \hbox (badness 10000) in paragraph at lines 1874--1875

 []


Underfull \hbox (badness 10000) in paragraph at lines 1876--1879

 []

[110] [111]
Underfull \hbox (badness 10000) in paragraph at lines 1946--1947

 []

[112]
Underfull \hbox (badness 10000) in paragraph at lines 1974--1975

 []


Underfull \hbox (badness 10000) in paragraph at lines 1976--1981

 []

[113]
Underfull \hbox (badness 10000) in paragraph at lines 2032--2033

 []


Underfull \hbox (badness 10000) in paragraph at lines 2034--2042

 []

[114]
Underfull \hbox (badness 10000) in paragraph at lines 2091--2092

 []


Underfull \hbox (badness 10000) in paragraph at lines 2093--2101

 []

[115]
Overfull \hbox (15.77274pt too wide) in paragraph at lines 2126--2126
[]\OT1/cmr/bx/n/17.28 Rotate Im-age (M)(Amazon phone screen 2016.9.16) 
 []


Underfull \hbox (badness 10000) in paragraph at lines 2127--2128

 []


Underfull \hbox (badness 10000) in paragraph at lines 2129--2130

 []

[116]) [117]
\openout2 = `chapters/String.aux'.

 (./chapters/String.tex
Chapter 6.

Underfull \hbox (badness 10000) in paragraph at lines 5--6

 []


Underfull \hbox (badness 10000) in paragraph at lines 7--8

 []

[118



]
Underfull \hbox (badness 10000) in paragraph at lines 43--44

 []


Underfull \hbox (badness 10000) in paragraph at lines 45--49

 []


Underfull \hbox (badness 10000) in paragraph at lines 79--83

 []

[119]
Underfull \hbox (badness 10000) in paragraph at lines 84--85

 []


Underfull \hbox (badness 10000) in paragraph at lines 115--116

 []

[120]
Underfull \hbox (badness 10000) in paragraph at lines 141--142

 []


Underfull \hbox (badness 10000) in paragraph at lines 170--171

 []

[121]
Underfull \hbox (badness 10000) in paragraph at lines 194--195

 []


Underfull \hbox (badness 10000) in paragraph at lines 196--197

 []


Underfull \hbox (badness 10000) in paragraph at lines 198--201

 []


Underfull \hbox (badness 10000) in paragraph at lines 202--205

 []


Underfull \hbox (badness 10000) in paragraph at lines 206--208

 []

[122]
Underfull \hbox (badness 10000) in paragraph at lines 226--227

 []


Underfull \hbox (badness 10000) in paragraph at lines 228--230

 []


Underfull \hbox (badness 10000) in paragraph at lines 231--234

 []


Underfull \hbox (badness 10000) in paragraph at lines 251--252

 []

[123]
Underfull \hbox (badness 10000) in paragraph at lines 253--257

 []


Underfull \hbox (badness 10000) in paragraph at lines 274--275

 []


Underfull \hbox (badness 10000) in paragraph at lines 276--281

 []


Underfull \hbox (badness 10000) in paragraph at lines 282--283

 []

[124]
Underfull \hbox (badness 10000) in paragraph at lines 322--324

 []

[125]
Underfull \hbox (badness 10000) in paragraph at lines 356--357

 []


Underfull \hbox (badness 10000) in paragraph at lines 358--367

 []


Underfull \hbox (badness 10000) in paragraph at lines 368--369

 []


Underfull \hbox (badness 10000) in paragraph at lines 393--394

 []

[126]
Underfull \hbox (badness 10000) in paragraph at lines 395--398

 []


Underfull \hbox (badness 10000) in paragraph at lines 399--400

 []


Underfull \hbox (badness 10000) in paragraph at lines 434--435

 []

[127]
Underfull \hbox (badness 10000) in paragraph at lines 436--437

 []


Underfull \hbox (badness 10000) in paragraph at lines 438--440

 []


Underfull \hbox (badness 10000) in paragraph at lines 441--443

 []


Underfull \hbox (badness 10000) in paragraph at lines 444--445

 []


Underfull \hbox (badness 10000) in paragraph at lines 446--447

 []


Underfull \hbox (badness 10000) in paragraph at lines 448--450

 []

[128]
Underfull \hbox (badness 10000) in paragraph at lines 482--483

 []


Underfull \hbox (badness 10000) in paragraph at lines 484--488

 []


Underfull \hbox (badness 10000) in paragraph at lines 489--493

 []


Underfull \hbox (badness 10000) in paragraph at lines 494--495

 []

[129] [130]
Underfull \hbox (badness 10000) in paragraph at lines 586--587

 []


Underfull \hbox (badness 10000) in paragraph at lines 588--591

 []

[131]
Underfull \hbox (badness 10000) in paragraph at lines 623--624

 []


Underfull \hbox (badness 10000) in paragraph at lines 625--628

 []


Underfull \hbox (badness 10000) in paragraph at lines 629--634

 []

[132]
Underfull \hbox (badness 10000) in paragraph at lines 682--683

 []


Underfull \hbox (badness 10000) in paragraph at lines 684--690

 []

[133]
Overfull \hbox (69.23799pt too wide) in paragraph at lines 691--700
[]\OT1/cmr/m/n/12 The string "dir/n/t-sub-dir1/n/t/tfile1.ext/n/t/tsubsubdir1/n
/tsubdir2/n/t/tsubsubdir2/n/t/t/tfile2.ext"
 []


Underfull \hbox (badness 10000) in paragraph at lines 691--700

 []


Underfull \hbox (badness 10000) in paragraph at lines 701--702

 []


Underfull \hbox (badness 10000) in paragraph at lines 703--704

 []


Underfull \hbox (badness 10000) in paragraph at lines 705--711

 []

[134]
LaTeX Font Info:    Try loading font information for OMS+cmr on input line 763.

 (/usr/local/texlive/2018/texmf-dist/tex/latex/base/omscmr.fd
File: omscmr.fd 2014/09/29 v2.5h Standard LaTeX font definitions
)
LaTeX Font Info:    Font shape `OMS/cmr/m/n' in size <12> not available
(Font)              Font shape `OMS/cmsy/m/n' tried instead on input line 763.

Underfull \hbox (badness 10000) in paragraph at lines 763--764

 []

[135]
Underfull \hbox (badness 10000) in paragraph at lines 790--791

 []


Underfull \hbox (badness 10000) in paragraph at lines 813--814

 []


Underfull \hbox (badness 10000) in paragraph at lines 815--820

 []

[136]
Underfull \hbox (badness 10000) in paragraph at lines 861--862

 []

[137]
Underfull \hbox (badness 10000) in paragraph at lines 863--864

 []


Underfull \hbox (badness 10000) in paragraph at lines 865--866

 []


Underfull \hbox (badness 10000) in paragraph at lines 898--899

 []


Underfull \hbox (badness 10000) in paragraph at lines 900--901

 []

[138] [139]
Underfull \hbox (badness 10000) in paragraph at lines 958--959

 []


Underfull \hbox (badness 10000) in paragraph at lines 960--967

 []


Underfull \hbox (badness 10000) in paragraph at lines 985--986

 []


Underfull \hbox (badness 10000) in paragraph at lines 987--988

 []

[140]
Underfull \hbox (badness 10000) in paragraph at lines 1005--1006

 []


Underfull \hbox (badness 10000) in paragraph at lines 1007--1016

 []


Underfull \hbox (badness 10000) in paragraph at lines 1033--1034

 []

[141]
Underfull \hbox (badness 10000) in paragraph at lines 1035--1044

 []


Underfull \hbox (badness 10000) in paragraph at lines 1069--1070

 []


Underfull \hbox (badness 10000) in paragraph at lines 1071--1072

 []

[142]
Underfull \hbox (badness 10000) in paragraph at lines 1106--1107

 []


Underfull \hbox (badness 10000) in paragraph at lines 1108--1109

 []

[143]
Underfull \hbox (badness 10000) in paragraph at lines 1136--1137

 []


Underfull \hbox (badness 10000) in paragraph at lines 1174--1175

 []

[144]
Underfull \hbox (badness 10000) in paragraph at lines 1176--1177

 []


Underfull \hbox (badness 10000) in paragraph at lines 1196--1197

 []


Underfull \hbox (badness 10000) in paragraph at lines 1198--1200

 []


Underfull \hbox (badness 10000) in paragraph at lines 1201--1203

 []

[145]
Underfull \hbox (badness 10000) in paragraph at lines 1233--1234

 []


Underfull \hbox (badness 10000) in paragraph at lines 1235--1238

 []


Underfull \hbox (badness 10000) in paragraph at lines 1239--1240

 []


Underfull \hbox (badness 10000) in paragraph at lines 1241--1248

 []

[146]
Underfull \hbox (badness 10000) in paragraph at lines 1282--1283

 []


Underfull \hbox (badness 10000) in paragraph at lines 1284--1287

 []


Underfull \hbox (badness 10000) in paragraph at lines 1288--1289

 []


Underfull \hbox (badness 10000) in paragraph at lines 1315--1316

 []

[147]
Underfull \hbox (badness 10000) in paragraph at lines 1317--1320

 []


Underfull \hbox (badness 10000) in paragraph at lines 1321--1323

 []


Underfull \hbox (badness 10000) in paragraph at lines 1324--1326

 []

[148]
Underfull \hbox (badness 10000) in paragraph at lines 1376--1377

 []


Underfull \hbox (badness 10000) in paragraph at lines 1378--1385

 []


Underfull \hbox (badness 10000) in paragraph at lines 1386--1387

 []


Underfull \hbox (badness 10000) in paragraph at lines 1411--1412

 []

[149]
Underfull \hbox (badness 10000) in paragraph at lines 1413--1416

 []


Underfull \hbox (badness 10000) in paragraph at lines 1440--1441

 []

[150] [151]
Underfull \hbox (badness 10000) in paragraph at lines 1523--1524

 []


Underfull \hbox (badness 10000) in paragraph at lines 1525--1526

 []

[152]
Underfull \hbox (badness 10000) in paragraph at lines 1571--1572

 []


Underfull \hbox (badness 10000) in paragraph at lines 1573--1576

 []

[153]
Underfull \hbox (badness 10000) in paragraph at lines 1616--1617

 []


Underfull \hbox (badness 10000) in paragraph at lines 1618--1624

 []

[154]
Underfull \hbox (badness 10000) in paragraph at lines 1661--1662

 []


Underfull \hbox (badness 10000) in paragraph at lines 1663--1665

 []

[155]
Underfull \hbox (badness 10000) in paragraph at lines 1696--1697

 []


Underfull \hbox (badness 10000) in paragraph at lines 1698--1702

 []

[156] [157]
Underfull \hbox (badness 10000) in paragraph at lines 1780--1786

 []


Underfull \hbox (badness 10000) in paragraph at lines 1787--1793

 []

[158]
Underfull \hbox (badness 10000) in paragraph at lines 1838--1842

 []

[159]
Underfull \hbox (badness 10000) in paragraph at lines 1881--1882

 []


Underfull \hbox (badness 10000) in paragraph at lines 1883--1884

 []

[160]
Underfull \hbox (badness 10000) in paragraph at lines 1923--1924

 []


Underfull \hbox (badness 10000) in paragraph at lines 1925--1926

 []


Underfull \hbox (badness 10000) in paragraph at lines 1927--1931

 []

[161]
Underfull \hbox (badness 10000) in paragraph at lines 1987--1988

 []


Underfull \hbox (badness 10000) in paragraph at lines 1989--1994

 []

[162]
Underfull \hbox (badness 10000) in paragraph at lines 2018--2019

 []


Underfull \hbox (badness 10000) in paragraph at lines 2020--2024

 []


Underfull \hbox (badness 10000) in paragraph at lines 2025--2026

 []

[163]
Underfull \hbox (badness 10000) in paragraph at lines 2059--2060

 []


Underfull \hbox (badness 10000) in paragraph at lines 2061--2065

 []


Underfull \hbox (badness 10000) in paragraph at lines 2090--2094

 []

[164]
Underfull \hbox (badness 10000) in paragraph at lines 2126--2129

 []


Underfull \hbox (badness 10000) in paragraph at lines 2130--2137

 []

[165]
Underfull \hbox (badness 10000) in paragraph at lines 2172--2175

 []


Underfull \hbox (badness 10000) in paragraph at lines 2176--2181

 []


Underfull \hbox (badness 10000) in paragraph at lines 2182--2187

 []


Underfull \hbox (badness 10000) in paragraph at lines 2188--2191

 []

[166]
Underfull \hbox (badness 10000) in paragraph at lines 2237--2238

 []


Underfull \hbox (badness 10000) in paragraph at lines 2239--2243

 []

[167]
Underfull \hbox (badness 10000) in paragraph at lines 2244--2245

 []


Underfull \hbox (badness 10000) in paragraph at lines 2280--2281

 []

[168]
Underfull \hbox (badness 10000) in paragraph at lines 2282--2286

 []


Underfull \hbox (badness 10000) in paragraph at lines 2287--2288

 []

[169]
Underfull \hbox (badness 10000) in paragraph at lines 2340--2344

 []


Underfull \hbox (badness 10000) in paragraph at lines 2368--2369

 []


Underfull \hbox (badness 10000) in paragraph at lines 2370--2371

 []

[170]
Underfull \hbox (badness 10000) in paragraph at lines 2397--2398

 []


Underfull \hbox (badness 10000) in paragraph at lines 2399--2400

 []


Underfull \hbox (badness 10000) in paragraph at lines 2401--2402

 []

[171]
Underfull \hbox (badness 10000) in paragraph at lines 2432--2433

 []


Underfull \hbox (badness 10000) in paragraph at lines 2434--2436

 []


Underfull \hbox (badness 10000) in paragraph at lines 2437--2438

 []

[172]
Underfull \hbox (badness 10000) in paragraph at lines 2469--2470

 []


Underfull \hbox (badness 10000) in paragraph at lines 2471--2472

 []


Underfull \hbox (badness 10000) in paragraph at lines 2473--2474

 []


Underfull \hbox (badness 10000) in paragraph at lines 2475--2476

 []


Underfull \hbox (badness 10000) in paragraph at lines 2477--2478

 []


Underfull \hbox (badness 10000) in paragraph at lines 2479--2480

 []


Underfull \hbox (badness 10000) in paragraph at lines 2481--2487

 []

[173]
Underfull \hbox (badness 10000) in paragraph at lines 2515--2516

 []


Underfull \hbox (badness 10000) in paragraph at lines 2517--2520

 []

[174]
Underfull \hbox (badness 10000) in paragraph at lines 2575--2576

 []

[175]
Underfull \hbox (badness 10000) in paragraph at lines 2599--2600

 []


Underfull \hbox (badness 10000) in paragraph at lines 2601--2605

 []

[176]
Underfull \hbox (badness 10000) in paragraph at lines 2641--2642

 []


Underfull \hbox (badness 10000) in paragraph at lines 2643--2647

 []

[177]
Underfull \hbox (badness 10000) in paragraph at lines 2677--2678

 []


Underfull \hbox (badness 10000) in paragraph at lines 2679--2680

 []


Underfull \hbox (badness 10000) in paragraph at lines 2681--2685

 []

[178]
Underfull \hbox (badness 10000) in paragraph at lines 2719--2720

 []


Underfull \hbox (badness 10000) in paragraph at lines 2721--2722

 []


Underfull \hbox (badness 10000) in paragraph at lines 2742--2743

 []


Underfull \hbox (badness 10000) in paragraph at lines 2744--2745

 []

[179]) [180]
\openout2 = `chapters/Tree.aux'.

 (./chapters/Tree.tex
Chapter 7.

Underfull \hbox (badness 10000) in paragraph at lines 4--5

 []


Underfull \hbox (badness 10000) in paragraph at lines 6--7

 []

[181



]
Underfull \hbox (badness 10000) in paragraph at lines 33--34

 []


Underfull \hbox (badness 10000) in paragraph at lines 35--36

 []


Underfull \hbox (badness 10000) in paragraph at lines 62--63

 []


Underfull \hbox (badness 10000) in paragraph at lines 64--65

 []

[182]
Underfull \hbox (badness 10000) in paragraph at lines 66--67

 []

[183] [184]
Underfull \hbox (badness 10000) in paragraph at lines 168--169

 []


Underfull \hbox (badness 10000) in paragraph at lines 170--171

 []


Underfull \hbox (badness 10000) in paragraph at lines 172--175

 []


Underfull \hbox (badness 10000) in paragraph at lines 176--179

 []


Underfull \hbox (badness 10000) in paragraph at lines 180--183

 []

[185]
Underfull \hbox (badness 10000) in paragraph at lines 210--211

 []


Underfull \hbox (badness 10000) in paragraph at lines 212--213

 []

[186]
Underfull \hbox (badness 10000) in paragraph at lines 262--263

 []


Underfull \hbox (badness 10000) in paragraph at lines 264--265

 []

[187]
Underfull \hbox (badness 10000) in paragraph at lines 308--309

 []


Underfull \hbox (badness 10000) in paragraph at lines 310--311

 []

[188]
Underfull \hbox (badness 10000) in paragraph at lines 359--360

 []


Underfull \hbox (badness 10000) in paragraph at lines 387--388

 []

[189]
Underfull \hbox (badness 10000) in paragraph at lines 415--416

 []

[190]
Underfull \hbox (badness 10000) in paragraph at lines 446--447

 []


Underfull \hbox (badness 10000) in paragraph at lines 478--479

 []


Underfull \hbox (badness 10000) in paragraph at lines 480--481

 []

[191]
Underfull \hbox (badness 10000) in paragraph at lines 503--509

 []


Underfull \hbox (badness 10000) in paragraph at lines 503--509

 []


Underfull \hbox (badness 10000) in paragraph at lines 512--515

 []

[192] [193]
Underfull \hbox (badness 10000) in paragraph at lines 580--581

 []


Underfull \hbox (badness 10000) in paragraph at lines 582--583

 []

[194] [195]
Underfull \hbox (badness 10000) in paragraph at lines 671--672

 []


Underfull \hbox (badness 10000) in paragraph at lines 673--674

 []


Underfull \hbox (badness 10000) in paragraph at lines 699--700

 []

[196]
Underfull \hbox (badness 10000) in paragraph at lines 720--721

 []


Underfull \hbox (badness 10000) in paragraph at lines 739--740

 []


Underfull \hbox (badness 10000) in paragraph at lines 741--743

 []


Underfull \hbox (badness 10000) in paragraph at lines 761--762

 []

[197]
Underfull \hbox (badness 10000) in paragraph at lines 788--789

 []


Underfull \hbox (badness 10000) in paragraph at lines 790--791

 []


Underfull \hbox (badness 10000) in paragraph at lines 792--795

 []

[198]
Underfull \hbox (badness 10000) in paragraph at lines 825--826

 []


Underfull \hbox (badness 10000) in paragraph at lines 827--828

 []


Underfull \hbox (badness 10000) in paragraph at lines 850--851

 []

[199] [200]
Underfull \hbox (badness 10000) in paragraph at lines 910--911

 []


Underfull \hbox (badness 10000) in paragraph at lines 912--913

 []


Underfull \hbox (badness 10000) in paragraph at lines 934--935

 []


Underfull \hbox (badness 10000) in paragraph at lines 936--937

 []


Underfull \hbox (badness 10000) in paragraph at lines 938--939

 []

[201]
Underfull \hbox (badness 10000) in paragraph at lines 962--963

 []


Underfull \hbox (badness 10000) in paragraph at lines 964--965

 []


Underfull \hbox (badness 10000) in paragraph at lines 980--981

 []


Underfull \hbox (badness 10000) in paragraph at lines 982--983

 []

[202]
Underfull \hbox (badness 10000) in paragraph at lines 1002--1003

 []


Underfull \hbox (badness 10000) in paragraph at lines 1004--1006

 []

[203]
Underfull \hbox (badness 10000) in paragraph at lines 1034--1035

 []


Underfull \hbox (badness 10000) in paragraph at lines 1063--1064

 []

[204]
Underfull \hbox (badness 10000) in paragraph at lines 1081--1082

 []


Underfull \hbox (badness 10000) in paragraph at lines 1112--1113

 []


Underfull \hbox (badness 10000) in paragraph at lines 1114--1116

 []

[205]
Underfull \hbox (badness 10000) in paragraph at lines 1140--1141

 []

[206]
Underfull \hbox (badness 10000) in paragraph at lines 1175--1176

 []


Underfull \hbox (badness 10000) in paragraph at lines 1177--1178

 []


Underfull \hbox (badness 10000) in paragraph at lines 1196--1197

 []


Underfull \hbox (badness 10000) in paragraph at lines 1198--1202

 []

[207]
Underfull \hbox (badness 10000) in paragraph at lines 1240--1241

 []


Underfull \hbox (badness 10000) in paragraph at lines 1242--1243

 []

[208] [209]
Underfull \hbox (badness 10000) in paragraph at lines 1295--1296

 []


Underfull \hbox (badness 10000) in paragraph at lines 1297--1298

 []

[210]
Underfull \hbox (badness 10000) in paragraph at lines 1360--1361

 []


Underfull \hbox (badness 10000) in paragraph at lines 1362--1364

 []


Underfull \hbox (badness 10000) in paragraph at lines 1365--1367

 []


Underfull \hbox (badness 10000) in paragraph at lines 1368--1372

 []

[211]
Underfull \hbox (badness 10000) in paragraph at lines 1410--1411

 []


Underfull \hbox (badness 10000) in paragraph at lines 1412--1413

 []


Underfull \hbox (badness 10000) in paragraph at lines 1414--1416

 []

[212]
Underfull \hbox (badness 10000) in paragraph at lines 1439--1440

 []


Underfull \hbox (badness 10000) in paragraph at lines 1441--1442

 []


Underfull \hbox (badness 10000) in paragraph at lines 1463--1464

 []


Underfull \hbox (badness 10000) in paragraph at lines 1465--1466

 []


Underfull \hbox (badness 10000) in paragraph at lines 1467--1470

 []


Underfull \hbox (badness 10000) in paragraph at lines 1471--1472

 []

[213] [214]
Underfull \hbox (badness 10000) in paragraph at lines 1563--1564

 []

[215]
Underfull \hbox (badness 10000) in paragraph at lines 1584--1585

 []


Underfull \hbox (badness 10000) in paragraph at lines 1611--1612

 []

[216]
Underfull \hbox (badness 10000) in paragraph at lines 1613--1616

 []


Underfull \hbox (badness 10000) in paragraph at lines 1640--1641

 []


Underfull \hbox (badness 10000) in paragraph at lines 1642--1646

 []


Underfull \hbox (badness 10000) in paragraph at lines 1647--1649

 []


Underfull \hbox (badness 10000) in paragraph at lines 1650--1657

 []

[217] [218]) [219]
\openout2 = `chapters/Sorting.aux'.

 (./chapters/Sorting.tex
Chapter 8.

Underfull \hbox (badness 10000) in paragraph at lines 5--6

 []


Underfull \hbox (badness 10000) in paragraph at lines 7--8

 []


Underfull \hbox (badness 10000) in paragraph at lines 29--30

 []


Underfull \hbox (badness 10000) in paragraph at lines 31--32

 []

[220



]
Underfull \hbox (badness 10000) in paragraph at lines 33--37

 []


Underfull \hbox (badness 10000) in paragraph at lines 72--73

 []


Underfull \hbox (badness 10000) in paragraph at lines 74--75

 []

[221]
Underfull \hbox (badness 10000) in paragraph at lines 107--108

 []


Underfull \hbox (badness 10000) in paragraph at lines 109--112

 []


Underfull \hbox (badness 10000) in paragraph at lines 113--114

 []


Underfull \hbox (badness 10000) in paragraph at lines 115--116

 []

[222]
Underfull \hbox (badness 10000) in paragraph at lines 155--156

 []


Underfull \hbox (badness 10000) in paragraph at lines 157--158

 []


Underfull \hbox (badness 10000) in paragraph at lines 159--160

 []

[223]
Underfull \hbox (badness 10000) in paragraph at lines 161--162

 []


Underfull \hbox (badness 10000) in paragraph at lines 163--166

 []


Underfull \hbox (badness 10000) in paragraph at lines 167--170

 []


Underfull \hbox (badness 10000) in paragraph at lines 171--173

 []


Underfull \hbox (badness 10000) in paragraph at lines 174--175

 []

[224]
Underfull \hbox (badness 10000) in paragraph at lines 223--224

 []

[225]
Underfull \hbox (badness 10000) in paragraph at lines 263--264

 []

) [226]
\openout2 = `chapters/BinarySearch.aux'.

 (./chapters/BinarySearch.tex
Chapter 9.

Underfull \hbox (badness 10000) in paragraph at lines 3--4

 []


Underfull \hbox (badness 10000) in paragraph at lines 5--6

 []


Underfull \hbox (badness 10000) in paragraph at lines 29--30

 []

[227



]
Underfull \hbox (badness 10000) in paragraph at lines 31--36

 []


Underfull \hbox (badness 10000) in paragraph at lines 64--65

 []


Underfull \hbox (badness 10000) in paragraph at lines 66--69

 []

[228] [229]
Underfull \hbox (badness 10000) in paragraph at lines 139--141

 []


Underfull \hbox (badness 10000) in paragraph at lines 142--147

 []

[230]
Underfull \hbox (badness 10000) in paragraph at lines 170--171

 []


Underfull \hbox (badness 10000) in paragraph at lines 172--175

 []


Underfull \hbox (badness 10000) in paragraph at lines 176--177

 []


Underfull \hbox (badness 10000) in paragraph at lines 198--201

 []


Underfull \hbox (badness 10000) in paragraph at lines 202--210

 []

[231]
Underfull \hbox (badness 10000) in paragraph at lines 234--237

 []


Underfull \hbox (badness 10000) in paragraph at lines 238--248

 []

[232]
Underfull \hbox (badness 10000) in paragraph at lines 308--309

 []


Underfull \hbox (badness 10000) in paragraph at lines 310--317

 []

[233]
Underfull \hbox (badness 10000) in paragraph at lines 318--320

 []


Underfull \hbox (badness 10000) in paragraph at lines 360--361

 []

[234]
Underfull \hbox (badness 10000) in paragraph at lines 362--366

 []


Underfull \hbox (badness 10000) in paragraph at lines 367--370

 []


Underfull \hbox (badness 10000) in paragraph at lines 401--402

 []


Underfull \hbox (badness 10000) in paragraph at lines 403--410

 []

[235]
Underfull \hbox (badness 10000) in paragraph at lines 411--412

 []


Underfull \hbox (badness 10000) in paragraph at lines 440--444

 []

[236]
Underfull \hbox (badness 10000) in paragraph at lines 467--471

 []


Underfull \hbox (badness 10000) in paragraph at lines 493--497

 []

[237]
Underfull \hbox (badness 10000) in paragraph at lines 528--532

 []

[238]
Underfull \hbox (badness 10000) in paragraph at lines 565--566

 []


Underfull \hbox (badness 10000) in paragraph at lines 567--571

 []


Underfull \hbox (badness 10000) in paragraph at lines 572--576

 []

[239]) [240]
\openout2 = `chapters/DFSandBFS.aux'.

 (./chapters/DFSandBFS.tex
Chapter 10.

Underfull \hbox (badness 10000) in paragraph at lines 3--17

 []

[241



]
Underfull \hbox (badness 10000) in paragraph at lines 59--71

 []


Underfull \hbox (badness 10000) in paragraph at lines 97--98

 []

[242]
Underfull \hbox (badness 10000) in paragraph at lines 99--101

 []

[243]
Underfull \hbox (badness 10000) in paragraph at lines 153--154

 []


Underfull \hbox (badness 10000) in paragraph at lines 155--161

 []

[244]
Underfull \hbox (badness 10000) in paragraph at lines 216--217

 []


Underfull \hbox (badness 10000) in paragraph at lines 218--222

 []

[245]
Underfull \hbox (badness 10000) in paragraph at lines 253--262

 []

[246]
Underfull \hbox (badness 10000) in paragraph at lines 287--288

 []


Underfull \hbox (badness 10000) in paragraph at lines 289--290

 []


Underfull \hbox (badness 10000) in paragraph at lines 314--315

 []


Underfull \hbox (badness 10000) in paragraph at lines 316--319

 []


Underfull \hbox (badness 10000) in paragraph at lines 320--321

 []

[247]
Underfull \hbox (badness 10000) in paragraph at lines 350--351

 []


Underfull \hbox (badness 10000) in paragraph at lines 352--355

 []


Underfull \hbox (badness 10000) in paragraph at lines 356--357

 []

[248]
Underfull \hbox (badness 10000) in paragraph at lines 388--389

 []


Underfull \hbox (badness 10000) in paragraph at lines 390--393

 []


Underfull \hbox (badness 10000) in paragraph at lines 394--397

 []

[249]
Underfull \hbox (badness 10000) in paragraph at lines 425--426

 []


Underfull \hbox (badness 10000) in paragraph at lines 427--428

 []


Underfull \hbox (badness 10000) in paragraph at lines 429--433

 []


Underfull \hbox (badness 10000) in paragraph at lines 434--438

 []


Underfull \hbox (badness 10000) in paragraph at lines 439--442

 []


Underfull \hbox (badness 10000) in paragraph at lines 443--450

 []


Underfull \hbox (badness 10000) in paragraph at lines 451--461

 []

[250]
Underfull \hbox (badness 10000) in paragraph at lines 488--489

 []


Underfull \hbox (badness 10000) in paragraph at lines 490--492

 []


Underfull \hbox (badness 10000) in paragraph at lines 493--494

 []

[251] [252]
Underfull \hbox (badness 10000) in paragraph at lines 567--571

 []


Underfull \hbox (badness 10000) in paragraph at lines 572--573

 []


Underfull \hbox (badness 10000) in paragraph at lines 574--579

 []


Underfull \hbox (badness 10000) in paragraph at lines 580--585

 []

[253]
Underfull \hbox (badness 10000) in paragraph at lines 611--612

 []


Underfull \hbox (badness 10000) in paragraph at lines 613--618

 []


Underfull \hbox (badness 10000) in paragraph at lines 619--624

 []

[254]
Underfull \hbox (badness 10000) in paragraph at lines 666--667

 []


Underfull \hbox (badness 10000) in paragraph at lines 668--674

 []


Underfull \hbox (badness 10000) in paragraph at lines 675--681

 []

[255]
Underfull \hbox (badness 10000) in paragraph at lines 715--716

 []


Underfull \hbox (badness 10000) in paragraph at lines 717--719

 []


Underfull \hbox (badness 10000) in paragraph at lines 720--724

 []


Underfull \hbox (badness 10000) in paragraph at lines 725--729

 []

[256]
Underfull \hbox (badness 10000) in paragraph at lines 730--734

 []


Underfull \hbox (badness 10000) in paragraph at lines 735--739

 []


Underfull \hbox (badness 10000) in paragraph at lines 740--744

 []


Underfull \hbox (badness 10000) in paragraph at lines 745--746

 []


Underfull \hbox (badness 10000) in paragraph at lines 747--748

 []

[257]
Underfull \hbox (badness 10000) in paragraph at lines 791--798

 []


Underfull \hbox (badness 10000) in paragraph at lines 799--802

 []

[258]
Overfull \hbox (28.48566pt too wide) in paragraph at lines 835--843
[]\OT1/cmr/m/n/12 For ex-am-ple, Given words = ["oath","pea","eat","rain"] and 
board = [ ['o','a','a','n'], ['e','t','a','e'],
 []


Underfull \hbox (badness 10000) in paragraph at lines 835--843

 []


Underfull \hbox (badness 10000) in paragraph at lines 844--845

 []


Underfull \hbox (badness 10000) in paragraph at lines 846--848

 []


Underfull \hbox (badness 10000) in paragraph at lines 849--850

 []


Underfull \hbox (badness 10000) in paragraph at lines 851--852

 []

[259]) [260]
\openout2 = `chapters/DP.aux'.

 (./chapters/DP.tex
Chapter 11.

Underfull \hbox (badness 10000) in paragraph at lines 3--4

 []


Underfull \hbox (badness 10000) in paragraph at lines 5--7

 []

[261



]
Underfull \hbox (badness 10000) in paragraph at lines 51--52

 []


Underfull \hbox (badness 10000) in paragraph at lines 53--62

 []


Underfull \hbox (badness 10000) in paragraph at lines 63--64

 []


Underfull \hbox (badness 10000) in paragraph at lines 65--69

 []

[262]
Underfull \hbox (badness 10000) in paragraph at lines 88--89

 []


Underfull \hbox (badness 10000) in paragraph at lines 90--91

 []


Underfull \hbox (badness 10000) in paragraph at lines 115--116

 []


Underfull \hbox (badness 10000) in paragraph at lines 117--120

 []


Underfull \hbox (badness 10000) in paragraph at lines 121--124

 []

[263]
Underfull \hbox (badness 10000) in paragraph at lines 125--127

 []


Underfull \hbox (badness 10000) in paragraph at lines 168--169

 []

[264]
Underfull \hbox (badness 10000) in paragraph at lines 170--173

 []


Underfull \hbox (badness 10000) in paragraph at lines 174--177

 []


Underfull \hbox (badness 10000) in paragraph at lines 208--209

 []


Underfull \hbox (badness 10000) in paragraph at lines 210--211

 []

[265]
Underfull \hbox (badness 10000) in paragraph at lines 229--234

 []


Underfull \hbox (badness 10000) in paragraph at lines 235--236

 []


Underfull \hbox (badness 10000) in paragraph at lines 237--239

 []

[266]
Underfull \hbox (badness 10000) in paragraph at lines 296--297

 []


Underfull \hbox (badness 10000) in paragraph at lines 298--301

 []

[267]
Underfull \hbox (badness 10000) in paragraph at lines 334--335

 []


Underfull \hbox (badness 10000) in paragraph at lines 336--339

 []


Underfull \hbox (badness 10000) in paragraph at lines 340--342

 []

[268]
Underfull \hbox (badness 10000) in paragraph at lines 368--369

 []


Underfull \hbox (badness 10000) in paragraph at lines 392--393

 []


Underfull \hbox (badness 10000) in paragraph at lines 394--395

 []

[269]
Underfull \hbox (badness 10000) in paragraph at lines 419--420

 []


Underfull \hbox (badness 10000) in paragraph at lines 421--422

 []


Underfull \hbox (badness 10000) in paragraph at lines 423--425

 []

[270]
Underfull \hbox (badness 10000) in paragraph at lines 448--449

 []


Underfull \hbox (badness 10000) in paragraph at lines 450--451

 []


Underfull \hbox (badness 10000) in paragraph at lines 484--485

 []

[271]
Underfull \hbox (badness 10000) in paragraph at lines 486--487

 []


Underfull \hbox (badness 10000) in paragraph at lines 523--524

 []

[272]
Underfull \hbox (badness 10000) in paragraph at lines 525--526

 []


Underfull \hbox (badness 10000) in paragraph at lines 546--547

 []


Underfull \hbox (badness 10000) in paragraph at lines 548--549

 []

[273]
Underfull \hbox (badness 10000) in paragraph at lines 576--577

 []


Underfull \hbox (badness 10000) in paragraph at lines 578--579

 []


Underfull \hbox (badness 10000) in paragraph at lines 605--606

 []

[274]
Underfull \hbox (badness 10000) in paragraph at lines 607--608

 []


Underfull \hbox (badness 10000) in paragraph at lines 638--639

 []


Underfull \hbox (badness 10000) in paragraph at lines 640--641

 []

[275]
Underfull \hbox (badness 10000) in paragraph at lines 642--644

 []


Underfull \hbox (badness 10000) in paragraph at lines 666--667

 []


Underfull \hbox (badness 10000) in paragraph at lines 668--669

 []


Underfull \hbox (badness 10000) in paragraph at lines 670--672

 []


Underfull \hbox (badness 10000) in paragraph at lines 673--675

 []

[276]
Underfull \hbox (badness 10000) in paragraph at lines 730--731

 []

[277]
Underfull \hbox (badness 10000) in paragraph at lines 755--756

 []

[278]
Underfull \hbox (badness 10000) in paragraph at lines 777--778

 []


Underfull \hbox (badness 10000) in paragraph at lines 779--784

 []


Underfull \hbox (badness 10000) in paragraph at lines 785--788

 []


Underfull \hbox (badness 10000) in paragraph at lines 815--816

 []

[279]
Underfull \hbox (badness 10000) in paragraph at lines 823--826

 []

[280]
Underfull \hbox (badness 10000) in paragraph at lines 899--900

 []


Underfull \hbox (badness 10000) in paragraph at lines 913--917

 []

[281]
Underfull \hbox (badness 10000) in paragraph at lines 949--950

 []


Underfull \hbox (badness 10000) in paragraph at lines 951--959

 []


Underfull \hbox (badness 10000) in paragraph at lines 960--962

 []

[282]
Underfull \hbox (badness 10000) in paragraph at lines 981--982

 []


Underfull \hbox (badness 10000) in paragraph at lines 983--984

 []

[283]
Underfull \hbox (badness 10000) in paragraph at lines 1019--1020

 []


Underfull \hbox (badness 10000) in paragraph at lines 1021--1027

 []


Underfull \hbox (badness 10000) in paragraph at lines 1028--1029

 []

[284]
Underfull \hbox (badness 10000) in paragraph at lines 1083--1084

 []


Underfull \hbox (badness 10000) in paragraph at lines 1085--1086

 []

[285]
Underfull \hbox (badness 10000) in paragraph at lines 1131--1132

 []


Underfull \hbox (badness 10000) in paragraph at lines 1133--1134

 []


Underfull \hbox (badness 10000) in paragraph at lines 1135--1136

 []


Underfull \hbox (badness 10000) in paragraph at lines 1137--1140

 []

[286]
Underfull \hbox (badness 10000) in paragraph at lines 1173--1174

 []


Underfull \hbox (badness 10000) in paragraph at lines 1175--1178

 []


Underfull \hbox (badness 10000) in paragraph at lines 1179--1180

 []


Underfull \hbox (badness 10000) in paragraph at lines 1181--1186

 []

[287]
Underfull \hbox (badness 10000) in paragraph at lines 1222--1223

 []


Underfull \hbox (badness 10000) in paragraph at lines 1224--1227

 []


Underfull \hbox (badness 10000) in paragraph at lines 1228--1229

 []


Underfull \hbox (badness 10000) in paragraph at lines 1230--1231

 []

[288]
Underfull \hbox (badness 10000) in paragraph at lines 1279--1280

 []


Underfull \hbox (badness 10000) in paragraph at lines 1281--1289

 []


Underfull \hbox (badness 10000) in paragraph at lines 1290--1298

 []

[289]
Underfull \hbox (badness 10000) in paragraph at lines 1333--1334

 []


Underfull \hbox (badness 10000) in paragraph at lines 1335--1341

 []

[290]
Underfull \hbox (badness 10000) in paragraph at lines 1368--1369

 []


Underfull \hbox (badness 10000) in paragraph at lines 1370--1376

 []

[291]
Overfull \hbox (56.8006pt too wide) in paragraph at lines 1430--1430
\OT1/cmr/bx/n/17.28 bets (The Cli-mate Cor-po-ra-tion phone screen 2016.9.22) 
 []


Underfull \hbox (badness 10000) in paragraph at lines 1431--1432

 []

[292]
Underfull \hbox (badness 10000) in paragraph at lines 1433--1437

 []

) [293]
\openout2 = `chapters/Graph.aux'.

 (./chapters/Graph.tex
Chapter 12.

Underfull \hbox (badness 10000) in paragraph at lines 3--4

 []


Underfull \hbox (badness 10000) in paragraph at lines 5--7

 []


Underfull \hbox (badness 10000) in paragraph at lines 8--10

 []


Underfull \hbox (badness 10000) in paragraph at lines 11--13

 []

[294



]
Underfull \hbox (badness 10000) in paragraph at lines 47--48

 []


Underfull \hbox (badness 10000) in paragraph at lines 49--52

 []


Underfull \hbox (badness 10000) in paragraph at lines 53--56

 []


Underfull \hbox (badness 10000) in paragraph at lines 57--58

 []

[295]
Underfull \hbox (badness 10000) in paragraph at lines 117--118

 []

[296]
Underfull \hbox (badness 10000) in paragraph at lines 155--156

 []


Underfull \hbox (badness 10000) in paragraph at lines 157--160

 []


Underfull \hbox (badness 10000) in paragraph at lines 161--163

 []

[297]
Underfull \hbox (badness 10000) in paragraph at lines 164--168

 []

[298]
Underfull \hbox (badness 10000) in paragraph at lines 227--228

 []


Underfull \hbox (badness 10000) in paragraph at lines 229--232

 []


Underfull \hbox (badness 10000) in paragraph at lines 233--235

 []

[299]
Underfull \hbox (badness 10000) in paragraph at lines 269--270

 []


Underfull \hbox (badness 10000) in paragraph at lines 271--273

 []


Underfull \hbox (badness 10000) in paragraph at lines 274--278

 []


Underfull \hbox (badness 10000) in paragraph at lines 279--281

 []


Underfull \hbox (badness 10000) in paragraph at lines 282--285

 []

[300]
Underfull \hbox (badness 10000) in paragraph at lines 325--326

 []


Underfull \hbox (badness 10000) in paragraph at lines 327--331

 []

[301]
Underfull \hbox (badness 10000) in paragraph at lines 332--335

 []


Underfull \hbox (badness 10000) in paragraph at lines 336--340

 []

) [302]
\openout2 = `chapters/Detail.aux'.

 (./chapters/Detail.tex
Chapter 13.

Underfull \hbox (badness 10000) in paragraph at lines 3--7

 []


Underfull \hbox (badness 10000) in paragraph at lines 8--9

 []

[303



]
Underfull \hbox (badness 10000) in paragraph at lines 61--62

 []

[304]
Underfull \hbox (badness 10000) in paragraph at lines 106--109

 []


Underfull \hbox (badness 10000) in paragraph at lines 110--116

 []

[305]
Underfull \hbox (badness 10000) in paragraph at lines 169--170

 []

[306]
Underfull \hbox (badness 10000) in paragraph at lines 171--176

 []

[307]
Underfull \hbox (badness 10000) in paragraph at lines 215--216

 []


Underfull \hbox (badness 10000) in paragraph at lines 217--221

 []


Underfull \hbox (badness 10000) in paragraph at lines 222--223

 []


Underfull \hbox (badness 10000) in paragraph at lines 224--227

 []

[308]
Underfull \hbox (badness 10000) in paragraph at lines 287--288

 []

[309]
Underfull \hbox (badness 10000) in paragraph at lines 289--293

 []


Underfull \hbox (badness 10000) in paragraph at lines 294--299

 []


Underfull \hbox (badness 10000) in paragraph at lines 300--301

 []

[310]
Underfull \hbox (badness 10000) in paragraph at lines 361--362

 []


Underfull \hbox (badness 10000) in paragraph at lines 363--365

 []

[311]
Underfull \hbox (badness 10000) in paragraph at lines 406--407

 []


Underfull \hbox (badness 10000) in paragraph at lines 408--412

 []


Underfull \hbox (badness 10000) in paragraph at lines 413--416

 []


Underfull \hbox (badness 10000) in paragraph at lines 417--421

 []

[312]
Underfull \hbox (badness 10000) in paragraph at lines 422--426

 []


Underfull \hbox (badness 10000) in paragraph at lines 427--431

 []


Underfull \hbox (badness 10000) in paragraph at lines 432--436

 []


Underfull \hbox (badness 10000) in paragraph at lines 437--441

 []


Underfull \hbox (badness 10000) in paragraph at lines 442--446

 []


Underfull \hbox (badness 10000) in paragraph at lines 447--451

 []


Underfull \hbox (badness 10000) in paragraph at lines 452--454

 []


Underfull \hbox (badness 10000) in paragraph at lines 455--457

 []

[313]
Underfull \hbox (badness 10000) in paragraph at lines 511--512

 []

[314]
Underfull \hbox (badness 10000) in paragraph at lines 513--516

 []


Underfull \hbox (badness 10000) in paragraph at lines 517--520

 []


Underfull \hbox (badness 10000) in paragraph at lines 521--524

 []


Underfull \hbox (badness 10000) in paragraph at lines 525--528

 []


Underfull \hbox (badness 10000) in paragraph at lines 529--532

 []


Underfull \hbox (badness 10000) in paragraph at lines 533--536

 []


Underfull \hbox (badness 10000) in paragraph at lines 537--540

 []


Underfull \hbox (badness 10000) in paragraph at lines 541--542

 []

[315]
Underfull \hbox (badness 10000) in paragraph at lines 590--594

 []

[316]
Underfull \hbox (badness 10000) in paragraph at lines 595--598

 []


Underfull \hbox (badness 10000) in paragraph at lines 599--601

 []


Underfull \hbox (badness 10000) in paragraph at lines 602--604

 []


Underfull \hbox (badness 10000) in paragraph at lines 605--607

 []


Underfull \hbox (badness 10000) in paragraph at lines 608--610

 []


Underfull \hbox (badness 10000) in paragraph at lines 611--613

 []


Underfull \hbox (badness 10000) in paragraph at lines 614--616

 []


Underfull \hbox (badness 10000) in paragraph at lines 617--619

 []

[317]
Underfull \hbox (badness 10000) in paragraph at lines 665--670

 []


Underfull \hbox (badness 10000) in paragraph at lines 671--673

 []


Underfull \hbox (badness 10000) in paragraph at lines 674--676

 []


Underfull \hbox (badness 10000) in paragraph at lines 677--679

 []

[318]
Underfull \hbox (badness 10000) in paragraph at lines 680--682

 []


Underfull \hbox (badness 10000) in paragraph at lines 683--685

 []


Underfull \hbox (badness 10000) in paragraph at lines 686--689

 []


Underfull \hbox (badness 10000) in paragraph at lines 690--692

 []


Underfull \hbox (badness 10000) in paragraph at lines 693--696

 []

[319]
Underfull \hbox (badness 10000) in paragraph at lines 759--763

 []


Underfull \hbox (badness 10000) in paragraph at lines 764--767

 []

[320]
Underfull \hbox (badness 10000) in paragraph at lines 768--770

 []


Underfull \hbox (badness 10000) in paragraph at lines 771--773

 []


Underfull \hbox (badness 10000) in paragraph at lines 774--776

 []


Underfull \hbox (badness 10000) in paragraph at lines 777--779

 []


Underfull \hbox (badness 10000) in paragraph at lines 780--782

 []


Underfull \hbox (badness 10000) in paragraph at lines 783--785

 []


Underfull \hbox (badness 10000) in paragraph at lines 786--788

 []

[321]
Underfull \hbox (badness 10000) in paragraph at lines 835--840

 []


Underfull \hbox (badness 10000) in paragraph at lines 841--844

 []


Underfull \hbox (badness 10000) in paragraph at lines 845--847

 []


Underfull \hbox (badness 10000) in paragraph at lines 848--850

 []

[322]
Underfull \hbox (badness 10000) in paragraph at lines 851--853

 []


Underfull \hbox (badness 10000) in paragraph at lines 854--856

 []


Underfull \hbox (badness 10000) in paragraph at lines 857--859

 []


Underfull \hbox (badness 10000) in paragraph at lines 860--862

 []

[323]
Underfull \hbox (badness 10000) in paragraph at lines 909--910

 []


Underfull \hbox (badness 10000) in paragraph at lines 911--915

 []


Underfull \hbox (badness 10000) in paragraph at lines 916--917

 []

[324]
Underfull \hbox (badness 10000) in paragraph at lines 947--951

 []


Underfull \hbox (badness 10000) in paragraph at lines 952--953

 []

[325]
Underfull \hbox (badness 10000) in paragraph at lines 988--989

 []


Underfull \hbox (badness 10000) in paragraph at lines 990--996

 []

[326]
Underfull \hbox (badness 10000) in paragraph at lines 1027--1028

 []


Underfull \hbox (badness 10000) in paragraph at lines 1029--1031

 []

[327]
Underfull \hbox (badness 10000) in paragraph at lines 1095--1099

 []


Underfull \hbox (badness 10000) in paragraph at lines 1100--1108

 []


Underfull \hbox (badness 10000) in paragraph at lines 1109--1112

 []

[328] [329]) [330]
Package atveryend Info: Empty hook `BeforeClearDocument' on input line 60.
Package atveryend Info: Empty hook `AfterLastShipout' on input line 60.
 (./LeetCode.aux (./chapters/Math.aux)
(./chapters/BitManipulation.aux) (./chapters/LinkedList.aux)
(./chapters/StackQueue.aux) (./chapters/Array.aux) (./chapters/String.aux)
(./chapters/Tree.aux) (./chapters/Sorting.aux) (./chapters/BinarySearch.aux)
(./chapters/DFSandBFS.aux) (./chapters/DP.aux) (./chapters/Graph.aux)
(./chapters/Detail.aux))
Package atveryend Info: Executing hook `AtVeryEndDocument' on input line 60.
Package atveryend Info: Executing hook `AtEndAfterFileList' on input line 60.
Package rerunfilecheck Info: File `LeetCode.out' has not changed.
(rerunfilecheck)             Checksum: D74527F0A6E8EE88E011050B4594B652;27758.
Package atveryend Info: Empty hook `AtVeryVeryEnd' on input line 60.
 ) 
Here is how much of TeX's memory you used:
 20070 strings out of 492649
 304608 string characters out of 6129622
 296540 words of memory out of 5000000
 13108 multiletter control sequences out of 15000+600000
 10189 words of font info for 36 fonts, out of 8000000 for 9000
 1141 hyphenation exceptions out of 8191
 34i,6n,58p,659b,1944s stack positions out of 5000i,500n,10000p,200000b,80000s
</usr/local/texlive/2018/texmf-dist/fonts/type1/public/amsfonts/cm/cmbx12.pfb
></usr/local/texlive/2018/texmf-dist/fonts/type1/public/amsfonts/cm/cmmi12.pfb>
</usr/local/texlive/2018/texmf-dist/fonts/type1/public/amsfonts/cm/cmmi8.pfb></
usr/local/texlive/2018/texmf-dist/fonts/type1/public/amsfonts/cm/cmr12.pfb></us
r/local/texlive/2018/texmf-dist/fonts/type1/public/amsfonts/cm/cmr8.pfb></usr/l
ocal/texlive/2018/texmf-dist/fonts/type1/public/amsfonts/cm/cmsy10.pfb></usr/lo
cal/texlive/2018/texmf-dist/fonts/type1/public/amsfonts/cm/cmsy8.pfb></usr/loca
l/texlive/2018/texmf-dist/fonts/type1/public/amsfonts/cm/cmtt10.pfb>
Output written on LeetCode.pdf (340 pages, 830603 bytes).
PDF statistics:
 15606 PDF objects out of 18468 (max. 8388607)
 15104 compressed objects within 152 object streams
 10725 named destinations out of 12825 (max. 500000)
 2905 words of extra memory for PDF output out of 10000 (max. 10000000)

